<?xml version="1.0" encoding="UTF-8"?>
<testng-results skipped="0" failed="0" ignored="0" total="1" passed="1">
  <reporter-output>
  </reporter-output>
  <suite name="Default suite" duration-ms="15825" started-at="2019-09-18T21:08:30 IST" finished-at="2019-09-18T21:08:45 IST">
    <groups>
    </groups>
    <test name="Default test" duration-ms="15825" started-at="2019-09-18T21:08:30 IST" finished-at="2019-09-18T21:08:45 IST">
      <class name="com.accenture.seleniumGrid.SeleniumGrid.SeleniumGridDemo">
        <test-method status="PASS" signature="node1()[pri:0, instance:com.accenture.seleniumGrid.SeleniumGrid.SeleniumGridDemo@5bc79255]" name="node1" duration-ms="15801" started-at="2019-09-18T21:08:30 IST" finished-at="2019-09-18T21:08:45 IST">
          <reporter-output>
          </reporter-output>
        </test-method> <!-- node1 -->
      </class> <!-- com.accenture.seleniumGrid.SeleniumGrid.SeleniumGridDemo -->
    </test> <!-- Default test -->
  </suite> <!-- Default suite -->
</testng-results>
